<?xml version="1.0" encoding="UTF-8"?>
<!-- Generated by org.testng.reporters.JUnitReportReporter -->
<testsuite skipped="0" hostname="DESKTOP-85FO8PV" name="stepDefinitions.LoginAndLogout" tests="1" failures="0" timestamp="2021-06-20T14:23:32 AEST" time="14.462" errors="0">
  <testcase name="runCreateLead" time="14.462" classname="stepDefinitions.LoginAndLogout"/>
  <system-out/>
</testsuite> <!-- stepDefinitions.LoginAndLogout -->
