<?xml version="1.0" encoding="UTF-8"?>
<!-- Generated by org.testng.reporters.JUnitReportReporter -->
<testsuite skipped="0" hostname="DESKTOP-85FO8PV" name="testcase.EditLead" tests="2" failures="0" timestamp="2021-06-11T00:28:33 AEST" time="15.643" errors="0">
  <testcase name="runEditLead" time="8.091" classname="testcase.EditLead"/>
  <system-out/>
  <testcase name="runEditLead" time="7.552" classname="testcase.EditLead"/>
  <system-out/>
</testsuite> <!-- testcase.EditLead -->
