<?xml version="1.0" encoding="UTF-8"?>
<!-- Generated by org.testng.reporters.JUnitReportReporter -->
<testsuite skipped="0" hostname="DESKTOP-85FO8PV" name="stepDefinitions.CreateLeads" tests="3" failures="0" timestamp="2021-06-20T16:13:55 AEST" time="53.466" errors="0">
  <testcase name="runCreateLead" time="15.995" classname="stepDefinitions.CreateLeads"/>
  <system-out/>
  <testcase name="runCreateLead" time="19.403" classname="stepDefinitions.CreateLeads"/>
  <system-out/>
  <testcase name="runCreateLead" time="18.068" classname="stepDefinitions.CreateLeads"/>
  <system-out/>
</testsuite> <!-- stepDefinitions.CreateLeads -->
