<?xml version="1.0" encoding="UTF-8"?>
<!-- Generated by org.testng.reporters.JUnitReportReporter -->
<testsuite skipped="0" hostname="DESKTOP-85FO8PV" name="stepDefinitions.MergeLead" tests="1" failures="0" timestamp="2021-06-18T22:20:03 AEST" time="10.713" errors="0">
  <testcase name="VerifyMergedLead" time="10.713" classname="stepDefinitions.MergeLead"/>
  <system-out/>
</testsuite> <!-- stepDefinitions.MergeLead -->
