<?xml version="1.0" encoding="UTF-8"?>
<!-- Generated by org.testng.reporters.JUnitReportReporter -->
<testsuite skipped="0" hostname="DESKTOP-85FO8PV" name="testcase.DuplicateLead" tests="1" failures="0" timestamp="2021-06-11T00:28:33 AEST" time="16.000" errors="0">
  <testcase name="runDuplicateLead" time="16.000" classname="testcase.DuplicateLead"/>
  <system-out/>
</testsuite> <!-- testcase.DuplicateLead -->
