<?xml version="1.0" encoding="UTF-8"?>
<!-- Generated by org.testng.reporters.JUnitReportReporter -->
<testsuite skipped="0" hostname="DESKTOP-85FO8PV" name="stepDefinitions.CreateLead" tests="1" failures="0" timestamp="2021-06-18T22:20:03 AEST" time="12.554" errors="0">
  <testcase name="CreatingLead" time="12.554" classname="stepDefinitions.CreateLead"/>
  <system-out/>
</testsuite> <!-- stepDefinitions.CreateLead -->
