<?xml version="1.0" encoding="UTF-8"?>
<!-- Generated by org.testng.reporters.JUnitReportReporter -->
<testsuite skipped="0" hostname="DESKTOP-85FO8PV" name="testcase.CreateLead" tests="3" failures="0" timestamp="2021-06-11T00:28:33 AEST" time="20.671" errors="0">
  <testcase name="runCreateLead" time="6.121" classname="testcase.CreateLead"/>
  <system-out/>
  <testcase name="runCreateLead" time="5.665" classname="testcase.CreateLead"/>
  <system-out/>
  <testcase name="runCreateLead" time="8.885" classname="testcase.CreateLead"/>
  <system-out/>
</testsuite> <!-- testcase.CreateLead -->
