<?xml version="1.0" encoding="UTF-8"?>
<!-- Generated by org.testng.reporters.JUnitReportReporter -->
<testsuite skipped="0" hostname="DESKTOP-85FO8PV" name="stepDefinitions.ViewLeads" tests="1" failures="0" timestamp="2021-06-20T15:19:29 AEST" time="58.831" errors="0">
  <testcase name="runViewLead" time="58.831" classname="stepDefinitions.ViewLeads"/>
  <system-out/>
</testsuite> <!-- stepDefinitions.ViewLeads -->
