<?xml version="1.0" encoding="UTF-8"?>
<!-- Generated by org.testng.reporters.JUnitReportReporter -->
<testsuite skipped="0" hostname="DESKTOP-85FO8PV" name="stepDefinitions.DeleteLead" tests="1" failures="0" timestamp="2021-06-18T22:20:03 AEST" time="9.498" errors="0">
  <testcase name="VerifyDeleteLead" time="9.498" classname="stepDefinitions.DeleteLead"/>
  <system-out/>
</testsuite> <!-- stepDefinitions.DeleteLead -->
