<?xml version="1.0" encoding="UTF-8"?>
<!-- Generated by org.testng.reporters.JUnitReportReporter -->
<testsuite skipped="0" hostname="DESKTOP-85FO8PV" name="testcase.DeleteLead" tests="1" failures="0" timestamp="2021-06-07T18:19:06 AEST" time="33.349" errors="0">
  <testcase name="runDeleteLead" time="33.349" classname="testcase.DeleteLead"/>
  <system-out/>
</testsuite> <!-- testcase.DeleteLead -->
