<?xml version="1.0" encoding="UTF-8"?>
<!-- Generated by org.testng.reporters.JUnitReportReporter -->
<testsuite skipped="0" hostname="DESKTOP-85FO8PV" name="testcase.MergeLead" tests="2" failures="0" timestamp="2021-06-11T00:28:33 AEST" time="25.409" errors="0">
  <testcase name="runMergeLead" time="15.738" classname="testcase.MergeLead"/>
  <system-out/>
  <testcase name="runMergeLead" time="9.671" classname="testcase.MergeLead"/>
  <system-out/>
</testsuite> <!-- testcase.MergeLead -->
