<?xml version="1.0" encoding="UTF-8"?>
<!-- Generated by org.testng.reporters.JUnitReportReporter -->
<testsuite skipped="0" hostname="DESKTOP-85FO8PV" name="runners.RunTest" tests="2" failures="0" timestamp="2021-06-13T19:42:52 AEST" time="8.338" errors="0">
  <testcase name="runScenario" time="3.336" classname="runners.RunTest"/>
  <system-out/>
  <testcase name="runScenario" time="5.002" classname="runners.RunTest"/>
  <system-out/>
</testsuite> <!-- runners.RunTest -->
